DEBUG:asyncio:Using selector: KqueueSelector
temporalio.exceptions.ApplicationError: SecretNotFoundError: Secret 'google-api-key' not found in env:GOOGLE_API_KEY

The above exception was the direct cause of the following exception:

temporalio.exceptions.ActivityError: Activity task failed

The above exception was the direct cause of the following exception:

temporalio.exceptions.ChildWorkflowError: Child Workflow execution failed

The above exception was the direct cause of the following exception:

Traceback (most recent call last):
  File "<string>", line 1, in <module>
    import logging; logging.basicConfig(level=logging.DEBUG); import ag_exams.cli; import sys; sys.argv=['ag_exams.cli', 'start', '--scenario', 'final_the_genesis']; ag_exams.cli.main()
                                                                                                                                                                      ~~~~~~~~~~~~~~~~~^^
  File "/Users/dbraman/Documents/GitHub/ag-exams/src/ag_exams/cli.py", line 227, in main
    asyncio.run(start_exam(config))
    ~~~~~~~~~~~^^^^^^^^^^^^^^^^^^^^
  File "/Users/dbraman/.local/share/uv/python/cpython-3.13.5-macos-aarch64-none/lib/python3.13/asyncio/runners.py", line 195, in run
    return runner.run(main)
           ~~~~~~~~~~^^^^^^
  File "/Users/dbraman/.local/share/uv/python/cpython-3.13.5-macos-aarch64-none/lib/python3.13/asyncio/runners.py", line 118, in run
    return self._loop.run_until_complete(task)
           ~~~~~~~~~~~~~~~~~~~~~~~~~~~~~^^^^^^
  File "/Users/dbraman/.local/share/uv/python/cpython-3.13.5-macos-aarch64-none/lib/python3.13/asyncio/base_events.py", line 725, in run_until_complete
    return future.result()
           ~~~~~~~~~~~~~^^
  File "/Users/dbraman/Documents/GitHub/ag-exams/src/ag_exams/cli.py", line 49, in start_exam
    result = await client.execute_workflow(
             ^^^^^^^^^^^^^^^^^^^^^^^^^^^^^^
    ...<6 lines>...
    )
    ^
  File "/Users/dbraman/Documents/GitHub/ag-exams/.venv/lib/python3.13/site-packages/temporalio/client.py", line 810, in execute_workflow
    return await (
           ^^^^^^^
    ...<30 lines>...
    ).result()
    ^^^^^^^^^^
  File "/Users/dbraman/Documents/GitHub/ag-exams/.venv/lib/python3.13/site-packages/temporalio/client.py", line 3015, in result
    raise WorkflowFailureError(
    ...<3 lines>...
    )
temporalio.client.WorkflowFailureError: Workflow execution failed
Starting ephemeral Temporal worker...
Executing workflow: exam-final_the_genesis-1776553063
  Scenarios: ['final_the_genesis']
  Dry run: False
  Output: criminal-law/quiz-system/research/final-exam

Note: If the workflow pauses for human review, run in another terminal:
  uv run python -m ag_exams.cli approve exam-final_the_genesis-1776553063

Tearing down ephemeral worker...
