Starting ephemeral Temporal worker...
Exam pipeline worker started, listening on: exam-pipeline
Executing workflow: exam-duty_omission-self_defense-chemistry_professor_stem_a-1776463631
  Scenarios: ['duty_omission', 'self_defense', 'chemistry_professor_stem_a']
  Dry run: False
  Output: criminal-law/quiz-system/research/final-exam

Note: If the workflow pauses for human review, run in another terminal:
  uv run python -m ag_exams.cli approve exam-duty_omission-self_defense-chemistry_professor_stem_a-1776463631

Safety block in ambiguity QA: Model returned empty or blocked response. ({'activity_id': '53', 'activity_type': 'dispatch_ambiguity_audit_per_q', 'attempt': 1, 'namespace': 'default', 'task_queue': 'exam-pipeline', 'workflow_id': 'build-scenario-chemistry_professor_stem_a-019d9d7b-d64b-7a87-8bd9-f54b97b3ad2b', 'workflow_run_id': '019d9d7b-d66e-76f5-b399-e7cb38610b01', 'workflow_type': 'BuildScenarioWorkflow'})
Safety block in ambiguity QA: Model returned empty or blocked response. ({'activity_id': '43', 'activity_type': 'dispatch_ambiguity_audit_per_q', 'attempt': 1, 'namespace': 'default', 'task_queue': 'exam-pipeline', 'workflow_id': 'build-scenario-chemistry_professor_stem_a-019d9d7b-d64b-7a87-8bd9-f54b97b3ad2b', 'workflow_run_id': '019d9d7b-d66e-76f5-b399-e7cb38610b01', 'workflow_type': 'BuildScenarioWorkflow'})
Safety block in ambiguity QA: Model returned empty or blocked response. ({'activity_id': '23', 'activity_type': 'dispatch_ambiguity_audit_per_q', 'attempt': 1, 'namespace': 'default', 'task_queue': 'exam-pipeline', 'workflow_id': 'build-scenario-chemistry_professor_stem_a-019d9d7b-d64b-7a87-8bd9-f54b97b3ad2b', 'workflow_run_id': '019d9d7b-d66e-76f5-b399-e7cb38610b01', 'workflow_type': 'BuildScenarioWorkflow'})
Safety block in ambiguity QA: Model returned empty or blocked response. ({'activity_id': '58', 'activity_type': 'dispatch_ambiguity_audit_per_q', 'attempt': 1, 'namespace': 'default', 'task_queue': 'exam-pipeline', 'workflow_id': 'build-scenario-chemistry_professor_stem_a-019d9d7b-d64b-7a87-8bd9-f54b97b3ad2b', 'workflow_run_id': '019d9d7b-d66e-76f5-b399-e7cb38610b01', 'workflow_type': 'BuildScenarioWorkflow'})
Safety block in ambiguity QA: Model returned empty or blocked response. ({'activity_id': '64', 'activity_type': 'dispatch_ambiguity_audit_per_q', 'attempt': 1, 'namespace': 'default', 'task_queue': 'exam-pipeline', 'workflow_id': 'build-scenario-self_defense-019d9d7b-d64b-7a87-8bd9-f54b97b3ad2b', 'workflow_run_id': '019d9d7b-d683-7311-81bc-1d38c586e3c7', 'workflow_type': 'BuildScenarioWorkflow'})
Safety block in ambiguity QA: Model returned empty or blocked response. ({'activity_id': '39', 'activity_type': 'dispatch_ambiguity_audit_per_q', 'attempt': 1, 'namespace': 'default', 'task_queue': 'exam-pipeline', 'workflow_id': 'build-scenario-self_defense-019d9d7b-d64b-7a87-8bd9-f54b97b3ad2b', 'workflow_run_id': '019d9d7b-d683-7311-81bc-1d38c586e3c7', 'workflow_type': 'BuildScenarioWorkflow'})
Safety block in ambiguity QA: Model returned empty or blocked response. ({'activity_id': '24', 'activity_type': 'dispatch_ambiguity_audit_per_q', 'attempt': 1, 'namespace': 'default', 'task_queue': 'exam-pipeline', 'workflow_id': 'build-scenario-self_defense-019d9d7b-d64b-7a87-8bd9-f54b97b3ad2b', 'workflow_run_id': '019d9d7b-d683-7311-81bc-1d38c586e3c7', 'workflow_type': 'BuildScenarioWorkflow'})
Safety block in ambiguity QA: Model returned empty or blocked response. ({'activity_id': '44', 'activity_type': 'dispatch_ambiguity_audit_per_q', 'attempt': 1, 'namespace': 'default', 'task_queue': 'exam-pipeline', 'workflow_id': 'build-scenario-self_defense-019d9d7b-d64b-7a87-8bd9-f54b97b3ad2b', 'workflow_run_id': '019d9d7b-d683-7311-81bc-1d38c586e3c7', 'workflow_type': 'BuildScenarioWorkflow'})
Safety block in ambiguity QA: Model returned empty or blocked response. ({'activity_id': '54', 'activity_type': 'dispatch_ambiguity_audit_per_q', 'attempt': 1, 'namespace': 'default', 'task_queue': 'exam-pipeline', 'workflow_id': 'build-scenario-self_defense-019d9d7b-d64b-7a87-8bd9-f54b97b3ad2b', 'workflow_run_id': '019d9d7b-d683-7311-81bc-1d38c586e3c7', 'workflow_type': 'BuildScenarioWorkflow'})
Safety block in ambiguity QA: Model returned empty or blocked response. ({'activity_id': '34', 'activity_type': 'dispatch_ambiguity_audit_per_q', 'attempt': 1, 'namespace': 'default', 'task_queue': 'exam-pipeline', 'workflow_id': 'build-scenario-self_defense-019d9d7b-d64b-7a87-8bd9-f54b97b3ad2b', 'workflow_run_id': '019d9d7b-d683-7311-81bc-1d38c586e3c7', 'workflow_type': 'BuildScenarioWorkflow'})
Safety block in ambiguity QA: Model returned empty or blocked response. ({'activity_id': '19', 'activity_type': 'dispatch_ambiguity_audit_per_q', 'attempt': 1, 'namespace': 'default', 'task_queue': 'exam-pipeline', 'workflow_id': 'build-scenario-self_defense-019d9d7b-d64b-7a87-8bd9-f54b97b3ad2b', 'workflow_run_id': '019d9d7b-d683-7311-81bc-1d38c586e3c7', 'workflow_type': 'BuildScenarioWorkflow'})
Safety block in ambiguity QA: Model returned empty or blocked response. ({'activity_id': '29', 'activity_type': 'dispatch_ambiguity_audit_per_q', 'attempt': 1, 'namespace': 'default', 'task_queue': 'exam-pipeline', 'workflow_id': 'build-scenario-self_defense-019d9d7b-d64b-7a87-8bd9-f54b97b3ad2b', 'workflow_run_id': '019d9d7b-d683-7311-81bc-1d38c586e3c7', 'workflow_type': 'BuildScenarioWorkflow'})
Safety block in ambiguity QA: Model returned empty or blocked response. ({'activity_id': '22', 'activity_type': 'dispatch_ambiguity_audit_per_q', 'attempt': 1, 'namespace': 'default', 'task_queue': 'exam-pipeline', 'workflow_id': 'build-scenario-duty_omission-019d9d7b-d64b-7a87-8bd9-f54b97b3ad2b', 'workflow_run_id': '019d9d7b-d679-7720-ad29-45dac5aa0363', 'workflow_type': 'BuildScenarioWorkflow'})
Safety block in ambiguity QA: Model returned empty or blocked response. ({'activity_id': '52', 'activity_type': 'dispatch_ambiguity_audit_per_q', 'attempt': 1, 'namespace': 'default', 'task_queue': 'exam-pipeline', 'workflow_id': 'build-scenario-duty_omission-019d9d7b-d64b-7a87-8bd9-f54b97b3ad2b', 'workflow_run_id': '019d9d7b-d679-7720-ad29-45dac5aa0363', 'workflow_type': 'BuildScenarioWorkflow'})
Safety block in ambiguity QA: Model returned empty or blocked response. ({'activity_id': '47', 'activity_type': 'dispatch_ambiguity_audit_per_q', 'attempt': 1, 'namespace': 'default', 'task_queue': 'exam-pipeline', 'workflow_id': 'build-scenario-duty_omission-019d9d7b-d64b-7a87-8bd9-f54b97b3ad2b', 'workflow_run_id': '019d9d7b-d679-7720-ad29-45dac5aa0363', 'workflow_type': 'BuildScenarioWorkflow'})
Safety block in ambiguity QA: Model returned empty or blocked response. ({'activity_id': '82', 'activity_type': 'dispatch_ambiguity_audit_per_q', 'attempt': 1, 'namespace': 'default', 'task_queue': 'exam-pipeline', 'workflow_id': 'build-scenario-duty_omission-019d9d7b-d64b-7a87-8bd9-f54b97b3ad2b', 'workflow_run_id': '019d9d7b-d679-7720-ad29-45dac5aa0363', 'workflow_type': 'BuildScenarioWorkflow'})
Safety block in ambiguity QA: Model returned empty or blocked response. ({'activity_id': '222', 'activity_type': 'dispatch_ambiguity_audit_per_q', 'attempt': 1, 'namespace': 'default', 'task_queue': 'exam-pipeline', 'workflow_id': 'build-scenario-self_defense-019d9d7b-d64b-7a87-8bd9-f54b97b3ad2b', 'workflow_run_id': '019d9d7b-d683-7311-81bc-1d38c586e3c7', 'workflow_type': 'BuildScenarioWorkflow'})
Safety block in ambiguity QA: Model returned empty or blocked response. ({'activity_id': '227', 'activity_type': 'dispatch_ambiguity_audit_per_q', 'attempt': 1, 'namespace': 'default', 'task_queue': 'exam-pipeline', 'workflow_id': 'build-scenario-self_defense-019d9d7b-d64b-7a87-8bd9-f54b97b3ad2b', 'workflow_run_id': '019d9d7b-d683-7311-81bc-1d38c586e3c7', 'workflow_type': 'BuildScenarioWorkflow'})
Safety block in ambiguity QA: Model returned empty or blocked response. ({'activity_id': '212', 'activity_type': 'dispatch_ambiguity_audit_per_q', 'attempt': 1, 'namespace': 'default', 'task_queue': 'exam-pipeline', 'workflow_id': 'build-scenario-self_defense-019d9d7b-d64b-7a87-8bd9-f54b97b3ad2b', 'workflow_run_id': '019d9d7b-d683-7311-81bc-1d38c586e3c7', 'workflow_type': 'BuildScenarioWorkflow'})
Safety block in ambiguity QA: Model returned empty or blocked response. ({'activity_id': '182', 'activity_type': 'dispatch_ambiguity_audit_per_q', 'attempt': 1, 'namespace': 'default', 'task_queue': 'exam-pipeline', 'workflow_id': 'build-scenario-self_defense-019d9d7b-d64b-7a87-8bd9-f54b97b3ad2b', 'workflow_run_id': '019d9d7b-d683-7311-81bc-1d38c586e3c7', 'workflow_type': 'BuildScenarioWorkflow'})
Safety block in ambiguity QA: Model returned empty or blocked response. ({'activity_id': '197', 'activity_type': 'dispatch_ambiguity_audit_per_q', 'attempt': 1, 'namespace': 'default', 'task_queue': 'exam-pipeline', 'workflow_id': 'build-scenario-self_defense-019d9d7b-d64b-7a87-8bd9-f54b97b3ad2b', 'workflow_run_id': '019d9d7b-d683-7311-81bc-1d38c586e3c7', 'workflow_type': 'BuildScenarioWorkflow'})
Safety block in ambiguity QA: Model returned empty or blocked response. ({'activity_id': '174', 'activity_type': 'dispatch_ambiguity_audit_per_q', 'attempt': 1, 'namespace': 'default', 'task_queue': 'exam-pipeline', 'workflow_id': 'build-scenario-chemistry_professor_stem_a-019d9d7b-d64b-7a87-8bd9-f54b97b3ad2b', 'workflow_run_id': '019d9d7b-d66e-76f5-b399-e7cb38610b01', 'workflow_type': 'BuildScenarioWorkflow'})
Safety block in ambiguity QA: Model returned empty or blocked response. ({'activity_id': '209', 'activity_type': 'dispatch_ambiguity_audit_per_q', 'attempt': 1, 'namespace': 'default', 'task_queue': 'exam-pipeline', 'workflow_id': 'build-scenario-chemistry_professor_stem_a-019d9d7b-d64b-7a87-8bd9-f54b97b3ad2b', 'workflow_run_id': '019d9d7b-d66e-76f5-b399-e7cb38610b01', 'workflow_type': 'BuildScenarioWorkflow'})
Safety block in ambiguity QA: Model returned empty or blocked response. ({'activity_id': '214', 'activity_type': 'dispatch_ambiguity_audit_per_q', 'attempt': 1, 'namespace': 'default', 'task_queue': 'exam-pipeline', 'workflow_id': 'build-scenario-chemistry_professor_stem_a-019d9d7b-d64b-7a87-8bd9-f54b97b3ad2b', 'workflow_run_id': '019d9d7b-d66e-76f5-b399-e7cb38610b01', 'workflow_type': 'BuildScenarioWorkflow'})
Safety block in ambiguity QA: Model returned empty or blocked response. ({'activity_id': '184', 'activity_type': 'dispatch_ambiguity_audit_per_q', 'attempt': 1, 'namespace': 'default', 'task_queue': 'exam-pipeline', 'workflow_id': 'build-scenario-chemistry_professor_stem_a-019d9d7b-d64b-7a87-8bd9-f54b97b3ad2b', 'workflow_run_id': '019d9d7b-d66e-76f5-b399-e7cb38610b01', 'workflow_type': 'BuildScenarioWorkflow'})
Safety block in ambiguity QA: Model returned empty or blocked response. ({'activity_id': '204', 'activity_type': 'dispatch_ambiguity_audit_per_q', 'attempt': 1, 'namespace': 'default', 'task_queue': 'exam-pipeline', 'workflow_id': 'build-scenario-chemistry_professor_stem_a-019d9d7b-d64b-7a87-8bd9-f54b97b3ad2b', 'workflow_run_id': '019d9d7b-d66e-76f5-b399-e7cb38610b01', 'workflow_type': 'BuildScenarioWorkflow'})
Safety block in ambiguity QA: Model returned empty or blocked response. ({'activity_id': '192', 'activity_type': 'dispatch_ambiguity_audit_per_q', 'attempt': 1, 'namespace': 'default', 'task_queue': 'exam-pipeline', 'workflow_id': 'build-scenario-self_defense-019d9d7b-d64b-7a87-8bd9-f54b97b3ad2b', 'workflow_run_id': '019d9d7b-d683-7311-81bc-1d38c586e3c7', 'workflow_type': 'BuildScenarioWorkflow'})
no progress on iteration 2 (9 >= 9); escalating ({'attempt': 1, 'namespace': 'default', 'run_id': '019d9d7b-d683-7311-81bc-1d38c586e3c7', 'task_queue': 'exam-pipeline', 'workflow_id': 'build-scenario-self_defense-019d9d7b-d64b-7a87-8bd9-f54b97b3ad2b', 'workflow_type': 'BuildScenarioWorkflow'})
I0417 18:14:04.862716 2852459 ev_poll_posix.cc:593] FD from fork parent still in poll list: fd(74, generation: 1)
Safety block in ambiguity QA: Model returned empty or blocked response. ({'activity_id': '273', 'activity_type': 'dispatch_ambiguity_audit_per_q', 'attempt': 1, 'namespace': 'default', 'task_queue': 'exam-pipeline', 'workflow_id': 'build-scenario-duty_omission-019d9d7b-d64b-7a87-8bd9-f54b97b3ad2b', 'workflow_run_id': '019d9d7b-d679-7720-ad29-45dac5aa0363', 'workflow_type': 'BuildScenarioWorkflow'})
Safety block in ambiguity QA: Model returned empty or blocked response. ({'activity_id': '278', 'activity_type': 'dispatch_ambiguity_audit_per_q', 'attempt': 1, 'namespace': 'default', 'task_queue': 'exam-pipeline', 'workflow_id': 'build-scenario-duty_omission-019d9d7b-d64b-7a87-8bd9-f54b97b3ad2b', 'workflow_run_id': '019d9d7b-d679-7720-ad29-45dac5aa0363', 'workflow_type': 'BuildScenarioWorkflow'})
Safety block in ambiguity QA: Model returned empty or blocked response. ({'activity_id': '288', 'activity_type': 'dispatch_ambiguity_audit_per_q', 'attempt': 1, 'namespace': 'default', 'task_queue': 'exam-pipeline', 'workflow_id': 'build-scenario-duty_omission-019d9d7b-d64b-7a87-8bd9-f54b97b3ad2b', 'workflow_run_id': '019d9d7b-d679-7720-ad29-45dac5aa0363', 'workflow_type': 'BuildScenarioWorkflow'})
Safety block in ambiguity QA: Model returned empty or blocked response. ({'activity_id': '238', 'activity_type': 'dispatch_ambiguity_audit_per_q', 'attempt': 1, 'namespace': 'default', 'task_queue': 'exam-pipeline', 'workflow_id': 'build-scenario-duty_omission-019d9d7b-d64b-7a87-8bd9-f54b97b3ad2b', 'workflow_run_id': '019d9d7b-d679-7720-ad29-45dac5aa0363', 'workflow_type': 'BuildScenarioWorkflow'})
Safety block in ambiguity QA: Model returned empty or blocked response. ({'activity_id': '253', 'activity_type': 'dispatch_ambiguity_audit_per_q', 'attempt': 1, 'namespace': 'default', 'task_queue': 'exam-pipeline', 'workflow_id': 'build-scenario-duty_omission-019d9d7b-d64b-7a87-8bd9-f54b97b3ad2b', 'workflow_run_id': '019d9d7b-d679-7720-ad29-45dac5aa0363', 'workflow_type': 'BuildScenarioWorkflow'})
Safety block in ambiguity QA: Model returned empty or blocked response. ({'activity_id': '353', 'activity_type': 'dispatch_ambiguity_audit_per_q', 'attempt': 1, 'namespace': 'default', 'task_queue': 'exam-pipeline', 'workflow_id': 'build-scenario-chemistry_professor_stem_a-019d9d7b-d64b-7a87-8bd9-f54b97b3ad2b', 'workflow_run_id': '019d9d7b-d66e-76f5-b399-e7cb38610b01', 'workflow_type': 'BuildScenarioWorkflow'})
Safety block in ambiguity QA: Model returned empty or blocked response. ({'activity_id': '373', 'activity_type': 'dispatch_ambiguity_audit_per_q', 'attempt': 1, 'namespace': 'default', 'task_queue': 'exam-pipeline', 'workflow_id': 'build-scenario-chemistry_professor_stem_a-019d9d7b-d64b-7a87-8bd9-f54b97b3ad2b', 'workflow_run_id': '019d9d7b-d66e-76f5-b399-e7cb38610b01', 'workflow_type': 'BuildScenarioWorkflow'})
Safety block in ambiguity QA: Model returned empty or blocked response. ({'activity_id': '333', 'activity_type': 'dispatch_ambiguity_audit_per_q', 'attempt': 1, 'namespace': 'default', 'task_queue': 'exam-pipeline', 'workflow_id': 'build-scenario-chemistry_professor_stem_a-019d9d7b-d64b-7a87-8bd9-f54b97b3ad2b', 'workflow_run_id': '019d9d7b-d66e-76f5-b399-e7cb38610b01', 'workflow_type': 'BuildScenarioWorkflow'})
Safety block in ambiguity QA: Model returned empty or blocked response. ({'activity_id': '368', 'activity_type': 'dispatch_ambiguity_audit_per_q', 'attempt': 1, 'namespace': 'default', 'task_queue': 'exam-pipeline', 'workflow_id': 'build-scenario-chemistry_professor_stem_a-019d9d7b-d64b-7a87-8bd9-f54b97b3ad2b', 'workflow_run_id': '019d9d7b-d66e-76f5-b399-e7cb38610b01', 'workflow_type': 'BuildScenarioWorkflow'})
Safety block in ambiguity QA: Model returned empty or blocked response. ({'activity_id': '328', 'activity_type': 'dispatch_ambiguity_audit_per_q', 'attempt': 1, 'namespace': 'default', 'task_queue': 'exam-pipeline', 'workflow_id': 'build-scenario-chemistry_professor_stem_a-019d9d7b-d64b-7a87-8bd9-f54b97b3ad2b', 'workflow_run_id': '019d9d7b-d66e-76f5-b399-e7cb38610b01', 'workflow_type': 'BuildScenarioWorkflow'})
Safety block in ambiguity QA: Model returned empty or blocked response. ({'activity_id': '348', 'activity_type': 'dispatch_ambiguity_audit_per_q', 'attempt': 1, 'namespace': 'default', 'task_queue': 'exam-pipeline', 'workflow_id': 'build-scenario-chemistry_professor_stem_a-019d9d7b-d64b-7a87-8bd9-f54b97b3ad2b', 'workflow_run_id': '019d9d7b-d66e-76f5-b399-e7cb38610b01', 'workflow_type': 'BuildScenarioWorkflow'})
Safety block in ambiguity QA: Model returned empty or blocked response. ({'activity_id': '358', 'activity_type': 'dispatch_ambiguity_audit_per_q', 'attempt': 1, 'namespace': 'default', 'task_queue': 'exam-pipeline', 'workflow_id': 'build-scenario-chemistry_professor_stem_a-019d9d7b-d64b-7a87-8bd9-f54b97b3ad2b', 'workflow_run_id': '019d9d7b-d66e-76f5-b399-e7cb38610b01', 'workflow_type': 'BuildScenarioWorkflow'})
no progress on iteration 3 (10 >= 10); escalating ({'attempt': 1, 'namespace': 'default', 'run_id': '019d9d7b-d66e-76f5-b399-e7cb38610b01', 'task_queue': 'exam-pipeline', 'workflow_id': 'build-scenario-chemistry_professor_stem_a-019d9d7b-d64b-7a87-8bd9-f54b97b3ad2b', 'workflow_type': 'BuildScenarioWorkflow'})
Safety block in ambiguity QA: Model returned empty or blocked response. ({'activity_id': '442', 'activity_type': 'dispatch_ambiguity_audit_per_q', 'attempt': 1, 'namespace': 'default', 'task_queue': 'exam-pipeline', 'workflow_id': 'build-scenario-duty_omission-019d9d7b-d64b-7a87-8bd9-f54b97b3ad2b', 'workflow_run_id': '019d9d7b-d679-7720-ad29-45dac5aa0363', 'workflow_type': 'BuildScenarioWorkflow'})
Safety block in ambiguity QA: Model returned empty or blocked response. ({'activity_id': '432', 'activity_type': 'dispatch_ambiguity_audit_per_q', 'attempt': 1, 'namespace': 'default', 'task_queue': 'exam-pipeline', 'workflow_id': 'build-scenario-duty_omission-019d9d7b-d64b-7a87-8bd9-f54b97b3ad2b', 'workflow_run_id': '019d9d7b-d679-7720-ad29-45dac5aa0363', 'workflow_type': 'BuildScenarioWorkflow'})
Safety block in ambiguity QA: Model returned empty or blocked response. ({'activity_id': '477', 'activity_type': 'dispatch_ambiguity_audit_per_q', 'attempt': 1, 'namespace': 'default', 'task_queue': 'exam-pipeline', 'workflow_id': 'build-scenario-duty_omission-019d9d7b-d64b-7a87-8bd9-f54b97b3ad2b', 'workflow_run_id': '019d9d7b-d679-7720-ad29-45dac5aa0363', 'workflow_type': 'BuildScenarioWorkflow'})
Safety block in ambiguity QA: Model returned empty or blocked response. ({'activity_id': '507', 'activity_type': 'dispatch_ambiguity_audit_per_q', 'attempt': 1, 'namespace': 'default', 'task_queue': 'exam-pipeline', 'workflow_id': 'build-scenario-duty_omission-019d9d7b-d64b-7a87-8bd9-f54b97b3ad2b', 'workflow_run_id': '019d9d7b-d679-7720-ad29-45dac5aa0363', 'workflow_type': 'BuildScenarioWorkflow'})
Safety block in ambiguity QA: Model returned empty or blocked response. ({'activity_id': '457', 'activity_type': 'dispatch_ambiguity_audit_per_q', 'attempt': 1, 'namespace': 'default', 'task_queue': 'exam-pipeline', 'workflow_id': 'build-scenario-duty_omission-019d9d7b-d64b-7a87-8bd9-f54b97b3ad2b', 'workflow_run_id': '019d9d7b-d679-7720-ad29-45dac5aa0363', 'workflow_type': 'BuildScenarioWorkflow'})
Safety block in ambiguity QA: Model returned empty or blocked response. ({'activity_id': '502', 'activity_type': 'dispatch_ambiguity_audit_per_q', 'attempt': 1, 'namespace': 'default', 'task_queue': 'exam-pipeline', 'workflow_id': 'build-scenario-duty_omission-019d9d7b-d64b-7a87-8bd9-f54b97b3ad2b', 'workflow_run_id': '019d9d7b-d679-7720-ad29-45dac5aa0363', 'workflow_type': 'BuildScenarioWorkflow'})
Safety block in ambiguity QA: Model returned empty or blocked response. ({'activity_id': '452', 'activity_type': 'dispatch_ambiguity_audit_per_q', 'attempt': 1, 'namespace': 'default', 'task_queue': 'exam-pipeline', 'workflow_id': 'build-scenario-duty_omission-019d9d7b-d64b-7a87-8bd9-f54b97b3ad2b', 'workflow_run_id': '019d9d7b-d679-7720-ad29-45dac5aa0363', 'workflow_type': 'BuildScenarioWorkflow'})
Safety block in ambiguity QA: Model returned empty or blocked response. ({'activity_id': '437', 'activity_type': 'dispatch_ambiguity_audit_per_q', 'attempt': 1, 'namespace': 'default', 'task_queue': 'exam-pipeline', 'workflow_id': 'build-scenario-duty_omission-019d9d7b-d64b-7a87-8bd9-f54b97b3ad2b', 'workflow_run_id': '019d9d7b-d679-7720-ad29-45dac5aa0363', 'workflow_type': 'BuildScenarioWorkflow'})
Tearing down ephemeral worker...
temporalio.exceptions.TerminatedError: Terminated by webui

The above exception was the direct cause of the following exception:

Traceback (most recent call last):
  File "<frozen runpy>", line 198, in _run_module_as_main
  File "<frozen runpy>", line 88, in _run_code
  File "/Users/donaldbraman/Documents/GitHub/ag-exams/src/ag_exams/__main__.py", line 5, in <module>
    main()
    ~~~~^^
  File "/Users/donaldbraman/Documents/GitHub/ag-exams/src/ag_exams/cli.py", line 227, in main
    asyncio.run(start_exam(config))
    ~~~~~~~~~~~^^^^^^^^^^^^^^^^^^^^
  File "/opt/homebrew/Cellar/python@3.13/3.13.13/Frameworks/Python.framework/Versions/3.13/lib/python3.13/asyncio/runners.py", line 195, in run
    return runner.run(main)
           ~~~~~~~~~~^^^^^^
  File "/opt/homebrew/Cellar/python@3.13/3.13.13/Frameworks/Python.framework/Versions/3.13/lib/python3.13/asyncio/runners.py", line 118, in run
    return self._loop.run_until_complete(task)
           ~~~~~~~~~~~~~~~~~~~~~~~~~~~~~^^^^^^
  File "/opt/homebrew/Cellar/python@3.13/3.13.13/Frameworks/Python.framework/Versions/3.13/lib/python3.13/asyncio/base_events.py", line 725, in run_until_complete
    return future.result()
           ~~~~~~~~~~~~~^^
  File "/Users/donaldbraman/Documents/GitHub/ag-exams/src/ag_exams/cli.py", line 49, in start_exam
    result = await client.execute_workflow(
             ^^^^^^^^^^^^^^^^^^^^^^^^^^^^^^
    ...<6 lines>...
    )
    ^
  File "/Users/donaldbraman/Documents/GitHub/ag-exams/.venv/lib/python3.13/site-packages/temporalio/client.py", line 810, in execute_workflow
    return await (
           ^^^^^^^
    ...<30 lines>...
    ).result()
    ^^^^^^^^^^
  File "/Users/donaldbraman/Documents/GitHub/ag-exams/.venv/lib/python3.13/site-packages/temporalio/client.py", line 3034, in result
    raise WorkflowFailureError(
    ...<8 lines>...
    )
temporalio.client.WorkflowFailureError: Workflow execution failed
